2022-10-17 12:47:35,553 - Created a temporary directory at /tmp/tmpexa2gcrs
2022-10-17 12:47:35,556 - Writing /tmp/tmpexa2gcrs/_remote_module_non_scriptable.py
2022-10-17 13:02:47,563 - test
2022-10-17 13:02:47,563 - test
2022-10-17 13:02:47,563 - test
2022-10-17 13:02:47,563 - test
2022-10-17 13:02:47,563 - test
2022-10-17 13:02:47,563 - test
2022-10-17 13:02:47,563 - test
2022-10-17 13:02:47,563 - test
2022-10-17 13:02:47,563 - test
2022-10-17 13:07:10,159 - loss testing19
2022-10-17 13:07:10,159 - loss testing19
2022-10-17 13:07:10,159 - loss testing19
2022-10-17 13:07:10,159 - loss testing19
2022-10-17 13:07:10,159 - loss testing19
2022-10-17 13:07:10,159 - loss testing19
2022-10-17 13:07:10,159 - loss testing19
2022-10-17 13:07:10,159 - loss testing19
2022-10-17 13:07:10,159 - loss testing19
2022-10-17 13:28:51,267 - test
2022-10-17 13:28:51,267 - test
2022-10-17 13:28:51,267 - test
2022-10-17 13:28:51,267 - test
2022-10-17 13:28:51,267 - test
2022-10-17 13:28:51,267 - test
2022-10-17 13:28:51,267 - test
2022-10-17 13:28:51,267 - test
2022-10-17 13:28:51,267 - test
2022-10-17 13:28:51,267 - test
2022-10-17 13:28:51,267 - test
2022-10-17 13:29:17,663 - 1
2022-10-17 13:29:17,663 - 1
2022-10-17 13:29:17,663 - 1
2022-10-17 13:29:17,663 - 1
2022-10-17 13:29:17,663 - 1
2022-10-17 13:29:17,663 - 1
2022-10-17 13:29:17,663 - 1
2022-10-17 13:29:17,663 - 1
2022-10-17 13:29:17,663 - 1
2022-10-17 13:29:17,663 - 1
2022-10-17 13:29:17,663 - 1
